<?xml version="1.0" encoding="UTF-8"?>
<testng-results ignored="0" total="1" passed="1" failed="0" skipped="0">
  <reporter-output>
  </reporter-output>
  <suite started-at="2025-09-20T09:39:06 IST" name="Default suite" finished-at="2025-09-20T09:39:06 IST" duration-ms="51">
    <groups>
    </groups>
    <test started-at="2025-09-20T09:39:06 IST" name="Default test" finished-at="2025-09-20T09:39:06 IST" duration-ms="51">
      <class name="Demo.GitPractice$demo">
        <test-method signature="demo()[pri:0, instance:Demo.GitPractice$demo@5be6e01c]" started-at="2025-09-20T09:39:06 IST" name="demo" finished-at="2025-09-20T09:39:06 IST" duration-ms="9" status="PASS">
          <reporter-output>
          </reporter-output>
        </test-method> <!-- demo -->
      </class> <!-- Demo.GitPractice$demo -->
    </test> <!-- Default test -->
  </suite> <!-- Default suite -->
</testng-results>
